<?xml version="1.0" encoding="UTF-8"?>
<!-- Generated by org.testng.reporters.JUnitReportReporter -->
<testsuite hostname="UYOYO-OGHEN8571" failures="0" tests="1" name="RunnerPackage.LaptopCucumberRunner" time="24.523" errors="0" timestamp="2024-01-15T14:24:57 GMT" skipped="0">
  <testcase classname="RunnerPackage.LaptopCucumberRunner" name="runScenario" time="24.523"/>
</testsuite> <!-- RunnerPackage.LaptopCucumberRunner -->
