<?xml version="1.0" encoding="UTF-8"?>
<!-- Generated by org.testng.reporters.JUnitReportReporter -->
<testsuite hostname="UYOYO-OGHEN8571" failures="0" tests="1" name="RunnerPackage.LaptopCucumberRunner" time="43.678" errors="0" timestamp="2024-01-15T00:02:14 GMT" skipped="0">
  <testcase classname="RunnerPackage.LaptopCucumberRunner" name="runScenario" time="43.678"/>
</testsuite> <!-- RunnerPackage.LaptopCucumberRunner -->
