<?xml version="1.0" encoding="UTF-8"?>
<!-- Generated by org.testng.reporters.JUnitReportReporter -->
<testsuite hostname="UYOYO-OGHEN8571" failures="0" tests="1" name="RunnerPackage.CucumberRunner" time="45.471" errors="0" timestamp="2024-01-14T13:04:47 GMT" skipped="0">
  <testcase classname="RunnerPackage.CucumberRunner" name="runScenario" time="45.471"/>
</testsuite> <!-- RunnerPackage.CucumberRunner -->
