<?xml version="1.0" encoding="UTF-8"?>
<!-- Generated by org.testng.reporters.JUnitReportReporter -->
<testsuite hostname="UYOYO-OGHEN8571" failures="0" tests="1" name="TestNGTestCases.LaptopTestNG" time="18.531" errors="0" timestamp="2024-01-16T22:16:01 GMT" skipped="0">
  <testcase classname="TestNGTestCases.LaptopTestNG" name="LaptopTest" time="18.531"/>
</testsuite> <!-- TestNGTestCases.LaptopTestNG -->
