<?xml version="1.0" encoding="UTF-8"?>
<!-- Generated by org.testng.reporters.JUnitReportReporter -->
<testsuite hostname="UYOYO-OGHEN8571" failures="0" tests="1" name="RunnerPackage.LaptopCucumberRunner" time="20.483" errors="0" timestamp="2024-01-16T22:18:02 GMT" skipped="0">
  <testcase classname="RunnerPackage.LaptopCucumberRunner" name="runScenario" time="20.483"/>
</testsuite> <!-- RunnerPackage.LaptopCucumberRunner -->
