<?xml version="1.0" encoding="UTF-8"?>
<!-- Generated by org.testng.reporters.JUnitReportReporter -->
<testsuite hostname="UYOYO-OGHEN8571" failures="0" tests="1" name="TestNGTestCases.LaptopTestNG" time="22.547" errors="0" timestamp="2024-01-15T13:57:31 GMT" skipped="0">
  <testcase classname="TestNGTestCases.LaptopTestNG" name="f" time="22.547"/>
</testsuite> <!-- TestNGTestCases.LaptopTestNG -->
